Flow report for part3
Mon Feb 04 16:07:12 2019
Quartus Prime Version 18.0.0 Build 614 04/24/2018 SJ Standard Edition


---------------------
; Table of Contents ;
---------------------
  1. Legal Notice
  2. Flow Summary
  3. Flow Settings
  4. Flow Non-Default Global Settings
  5. Flow Elapsed Time
  6. Flow OS Summary
  7. Flow Log
  8. Flow Messages
  9. Flow Suppressed Messages



----------------
; Legal Notice ;
----------------
Copyright (C) 2018  Intel Corporation. All rights reserved.
Your use of Intel Corporation's design tools, logic functions 
and other software and tools, and its AMPP partner logic 
functions, and any output files from any of the foregoing 
(including device programming or simulation files), and any 
associated documentation or information are expressly subject 
to the terms and conditions of the Intel Program License 
Subscription Agreement, the Intel Quartus Prime License Agreement,
the Intel FPGA IP License Agreement, or other applicable license
agreement, including, without limitation, that your use is for
the sole purpose of programming logic devices manufactured by
Intel and sold by Intel or its authorized distributors.  Please
refer to the applicable agreement for further details.



+-----------------------------------------------------------------------------------+
; Flow Summary                                                                      ;
+---------------------------------+-------------------------------------------------+
; Flow Status                     ; Successful - Mon Feb 04 16:07:12 2019           ;
; Quartus Prime Version           ; 18.0.0 Build 614 04/24/2018 SJ Standard Edition ;
; Revision Name                   ; part3                                           ;
; Top-level Entity Name           ; part3                                           ;
; Family                          ; Cyclone V                                       ;
; Device                          ; 5CSEMA5F31C6                                    ;
; Timing Models                   ; Final                                           ;
; Logic utilization (in ALMs)     ; 153 / 32,070 ( < 1 % )                          ;
; Total registers                 ; 266                                             ;
; Total pins                      ; 64 / 457 ( 14 % )                               ;
; Total virtual pins              ; 0                                               ;
; Total block memory bits         ; 4,096 / 4,065,280 ( < 1 % )                     ;
; Total DSP Blocks                ; 0 / 87 ( 0 % )                                  ;
; Total HSSI RX PCSs              ; 0                                               ;
; Total HSSI PMA RX Deserializers ; 0                                               ;
; Total HSSI TX PCSs              ; 0                                               ;
; Total HSSI PMA TX Serializers   ; 0                                               ;
; Total PLLs                      ; 0 / 6 ( 0 % )                                   ;
; Total DLLs                      ; 0 / 4 ( 0 % )                                   ;
+---------------------------------+-------------------------------------------------+


+-----------------------------------------+
; Flow Settings                           ;
+-------------------+---------------------+
; Option            ; Setting             ;
+-------------------+---------------------+
; Start date & time ; 02/04/2019 14:55:30 ;
; Main task         ; Compilation         ;
; Revision Name     ; part3               ;
+-------------------+---------------------+


+-------------------------------------------------------------------------------------------------------------------------+
; Flow Non-Default Global Settings                                                                                        ;
+-------------------------------------+----------------------------------------+---------------+-------------+------------+
; Assignment Name                     ; Value                                  ; Default Value ; Entity Name ; Section Id ;
+-------------------------------------+----------------------------------------+---------------+-------------+------------+
; COMPILER_SIGNATURE_ID               ; 167746773790957.154931013007856        ; --            ; --          ; --         ;
; PARTITION_COLOR                     ; -- (Not supported for targeted family) ; --            ; --          ; Top        ;
; PARTITION_FITTER_PRESERVATION_LEVEL ; -- (Not supported for targeted family) ; --            ; --          ; Top        ;
; PARTITION_NETLIST_TYPE              ; -- (Not supported for targeted family) ; --            ; --          ; Top        ;
+-------------------------------------+----------------------------------------+---------------+-------------+------------+


+--------------------------------------------------------------------------------------------------------------------------+
; Flow Elapsed Time                                                                                                        ;
+----------------------+--------------+-------------------------+---------------------+------------------------------------+
; Module Name          ; Elapsed Time ; Average Processors Used ; Peak Virtual Memory ; Total CPU Time (on all processors) ;
+----------------------+--------------+-------------------------+---------------------+------------------------------------+
; Analysis & Synthesis ; 00:00:19     ; 1.0                     ; 729 MB              ; 00:00:25                           ;
; Fitter               ; 00:00:38     ; 1.0                     ; 2622 MB             ; 00:01:10                           ;
; Assembler            ; 00:00:09     ; 1.0                     ; 725 MB              ; 00:00:07                           ;
; Timing Analyzer      ; 00:00:14     ; 1.1                     ; 1062 MB             ; 00:00:09                           ;
; MIF/HEX Update       ; 00:00:05     ; 1.0                     ; 773 MB              ; 00:00:03                           ;
; Assembler            ; 00:00:10     ; 1.0                     ; 718 MB              ; 00:00:08                           ;
; MIF/HEX Update       ; 00:00:04     ; 1.0                     ; 777 MB              ; 00:00:03                           ;
; Assembler            ; 00:00:10     ; 1.0                     ; 726 MB              ; 00:00:08                           ;
; MIF/HEX Update       ; 00:00:05     ; 1.0                     ; 778 MB              ; 00:00:03                           ;
; Assembler            ; 00:00:10     ; 1.0                     ; 730 MB              ; 00:00:08                           ;
; MIF/HEX Update       ; 00:00:03     ; 1.0                     ; 778 MB              ; 00:00:02                           ;
; MIF/HEX Update       ; 00:00:05     ; 1.0                     ; 782 MB              ; 00:00:03                           ;
; Assembler            ; 00:00:11     ; 1.0                     ; 732 MB              ; 00:00:08                           ;
; Assembler            ; 00:00:10     ; 1.0                     ; 739 MB              ; 00:00:08                           ;
; MIF/HEX Update       ; 00:00:05     ; 1.0                     ; 785 MB              ; 00:00:03                           ;
; Assembler            ; 00:00:11     ; 1.0                     ; 739 MB              ; 00:00:08                           ;
; MIF/HEX Update       ; 00:00:05     ; 1.0                     ; 790 MB              ; 00:00:03                           ;
; Assembler            ; 00:00:10     ; 1.0                     ; 736 MB              ; 00:00:08                           ;
; MIF/HEX Update       ; 00:00:05     ; 1.0                     ; 792 MB              ; 00:00:03                           ;
; Assembler            ; 00:00:13     ; 1.0                     ; 744 MB              ; 00:00:08                           ;
; MIF/HEX Update       ; 00:00:05     ; 1.0                     ; 796 MB              ; 00:00:03                           ;
; Assembler            ; 00:00:10     ; 1.0                     ; 744 MB              ; 00:00:08                           ;
; MIF/HEX Update       ; 00:00:06     ; 1.0                     ; 800 MB              ; 00:00:03                           ;
; Assembler            ; 00:00:10     ; 1.0                     ; 744 MB              ; 00:00:08                           ;
; MIF/HEX Update       ; 00:00:05     ; 1.0                     ; 798 MB              ; 00:00:03                           ;
; Assembler            ; 00:00:11     ; 1.0                     ; 747 MB              ; 00:00:08                           ;
; MIF/HEX Update       ; 00:00:05     ; 1.0                     ; 803 MB              ; 00:00:03                           ;
; Assembler            ; 00:00:11     ; 1.0                     ; 745 MB              ; 00:00:08                           ;
; MIF/HEX Update       ; 00:00:05     ; 1.0                     ; 805 MB              ; 00:00:03                           ;
; Assembler            ; 00:00:11     ; 1.0                     ; 756 MB              ; 00:00:08                           ;
; MIF/HEX Update       ; 00:00:05     ; 1.0                     ; 808 MB              ; 00:00:04                           ;
; Assembler            ; 00:00:11     ; 1.0                     ; 760 MB              ; 00:00:08                           ;
; MIF/HEX Update       ; 00:00:06     ; 1.0                     ; 810 MB              ; 00:00:03                           ;
; Assembler            ; 00:00:11     ; 1.0                     ; 762 MB              ; 00:00:08                           ;
; MIF/HEX Update       ; 00:00:06     ; 1.0                     ; 811 MB              ; 00:00:03                           ;
; Assembler            ; 00:00:11     ; 1.0                     ; 767 MB              ; 00:00:08                           ;
; MIF/HEX Update       ; 00:00:06     ; 1.0                     ; 809 MB              ; 00:00:03                           ;
; MIF/HEX Update       ; 00:00:06     ; 1.0                     ; 816 MB              ; 00:00:03                           ;
; Assembler            ; 00:00:11     ; 1.0                     ; 767 MB              ; 00:00:08                           ;
; Total                ; 00:05:54     ; --                      ; --                  ; 00:05:01                           ;
+----------------------+--------------+-------------------------+---------------------+------------------------------------+


+------------------------------------------------------------------------------------+
; Flow OS Summary                                                                    ;
+----------------------+------------------+------------+------------+----------------+
; Module Name          ; Machine Hostname ; OS Name    ; OS Version ; Processor type ;
+----------------------+------------------+------------+------------+----------------+
; Analysis & Synthesis ; BA3135WS12       ; Windows 10 ; 10.0       ; x86_64         ;
; Fitter               ; BA3135WS12       ; Windows 10 ; 10.0       ; x86_64         ;
; Assembler            ; BA3135WS12       ; Windows 10 ; 10.0       ; x86_64         ;
; Timing Analyzer      ; BA3135WS12       ; Windows 10 ; 10.0       ; x86_64         ;
; MIF/HEX Update       ; BA3135WS12       ; Windows 10 ; 10.0       ; x86_64         ;
; Assembler            ; BA3135WS12       ; Windows 10 ; 10.0       ; x86_64         ;
; MIF/HEX Update       ; BA3135WS12       ; Windows 10 ; 10.0       ; x86_64         ;
; Assembler            ; BA3135WS12       ; Windows 10 ; 10.0       ; x86_64         ;
; MIF/HEX Update       ; BA3135WS12       ; Windows 10 ; 10.0       ; x86_64         ;
; Assembler            ; BA3135WS12       ; Windows 10 ; 10.0       ; x86_64         ;
; MIF/HEX Update       ; BA3135WS12       ; Windows 10 ; 10.0       ; x86_64         ;
; MIF/HEX Update       ; BA3135WS12       ; Windows 10 ; 10.0       ; x86_64         ;
; Assembler            ; BA3135WS12       ; Windows 10 ; 10.0       ; x86_64         ;
; Assembler            ; BA3135WS12       ; Windows 10 ; 10.0       ; x86_64         ;
; MIF/HEX Update       ; BA3135WS12       ; Windows 10 ; 10.0       ; x86_64         ;
; Assembler            ; BA3135WS12       ; Windows 10 ; 10.0       ; x86_64         ;
; MIF/HEX Update       ; BA3135WS12       ; Windows 10 ; 10.0       ; x86_64         ;
; Assembler            ; BA3135WS12       ; Windows 10 ; 10.0       ; x86_64         ;
; MIF/HEX Update       ; BA3135WS12       ; Windows 10 ; 10.0       ; x86_64         ;
; Assembler            ; BA3135WS12       ; Windows 10 ; 10.0       ; x86_64         ;
; MIF/HEX Update       ; BA3135WS12       ; Windows 10 ; 10.0       ; x86_64         ;
; Assembler            ; BA3135WS12       ; Windows 10 ; 10.0       ; x86_64         ;
; MIF/HEX Update       ; BA3135WS12       ; Windows 10 ; 10.0       ; x86_64         ;
; Assembler            ; BA3135WS12       ; Windows 10 ; 10.0       ; x86_64         ;
; MIF/HEX Update       ; BA3135WS12       ; Windows 10 ; 10.0       ; x86_64         ;
; Assembler            ; BA3135WS12       ; Windows 10 ; 10.0       ; x86_64         ;
; MIF/HEX Update       ; BA3135WS12       ; Windows 10 ; 10.0       ; x86_64         ;
; Assembler            ; BA3135WS12       ; Windows 10 ; 10.0       ; x86_64         ;
; MIF/HEX Update       ; BA3135WS12       ; Windows 10 ; 10.0       ; x86_64         ;
; Assembler            ; BA3135WS12       ; Windows 10 ; 10.0       ; x86_64         ;
; MIF/HEX Update       ; BA3135WS12       ; Windows 10 ; 10.0       ; x86_64         ;
; Assembler            ; BA3135WS12       ; Windows 10 ; 10.0       ; x86_64         ;
; MIF/HEX Update       ; BA3135WS12       ; Windows 10 ; 10.0       ; x86_64         ;
; Assembler            ; BA3135WS12       ; Windows 10 ; 10.0       ; x86_64         ;
; MIF/HEX Update       ; BA3135WS12       ; Windows 10 ; 10.0       ; x86_64         ;
; Assembler            ; BA3135WS12       ; Windows 10 ; 10.0       ; x86_64         ;
; MIF/HEX Update       ; BA3135WS12       ; Windows 10 ; 10.0       ; x86_64         ;
; MIF/HEX Update       ; BA3135WS12       ; Windows 10 ; 10.0       ; x86_64         ;
; Assembler            ; BA3135WS12       ; Windows 10 ; 10.0       ; x86_64         ;
+----------------------+------------------+------------+------------+----------------+


------------
; Flow Log ;
------------
quartus_map --read_settings_files=on --write_settings_files=off part3 -c part3
quartus_fit --read_settings_files=off --write_settings_files=off part3 -c part3
quartus_asm --read_settings_files=off --write_settings_files=off part3 -c part3
quartus_sta part3 -c part3
quartus_cdb part3 -c part3 --update_mif
quartus_asm --read_settings_files=on --write_settings_files=off part3 -c part3
quartus_cdb part3 -c part3 --update_mif
quartus_asm --read_settings_files=on --write_settings_files=off part3 -c part3
quartus_cdb part3 -c part3 --update_mif
quartus_asm --read_settings_files=on --write_settings_files=off part3 -c part3
quartus_cdb part3 -c part3 --update_mif
quartus_cdb part3 -c part3 --update_mif
quartus_asm --read_settings_files=on --write_settings_files=off part3 -c part3
quartus_asm --read_settings_files=on --write_settings_files=off part3 -c part3
quartus_cdb part3 -c part3 --update_mif
quartus_asm --read_settings_files=on --write_settings_files=off part3 -c part3
quartus_cdb part3 -c part3 --update_mif
quartus_asm --read_settings_files=on --write_settings_files=off part3 -c part3
quartus_cdb part3 -c part3 --update_mif
quartus_asm --read_settings_files=on --write_settings_files=off part3 -c part3
quartus_cdb part3 -c part3 --update_mif
quartus_asm --read_settings_files=on --write_settings_files=off part3 -c part3
quartus_cdb part3 -c part3 --update_mif
quartus_asm --read_settings_files=on --write_settings_files=off part3 -c part3
quartus_cdb part3 -c part3 --update_mif
quartus_asm --read_settings_files=on --write_settings_files=off part3 -c part3
quartus_cdb part3 -c part3 --update_mif
quartus_asm --read_settings_files=on --write_settings_files=off part3 -c part3
quartus_cdb part3 -c part3 --update_mif
quartus_asm --read_settings_files=on --write_settings_files=off part3 -c part3
quartus_cdb part3 -c part3 --update_mif
quartus_asm --read_settings_files=on --write_settings_files=off part3 -c part3
quartus_cdb part3 -c part3 --update_mif
quartus_asm --read_settings_files=on --write_settings_files=off part3 -c part3
quartus_cdb part3 -c part3 --update_mif
quartus_asm --read_settings_files=on --write_settings_files=off part3 -c part3
quartus_cdb part3 -c part3 --update_mif
quartus_cdb part3 -c part3 --update_mif
quartus_asm --read_settings_files=on --write_settings_files=off part3 -c part3



