MIF/HEX Update report for part3
Mon Feb 04 16:06:53 2019
Quartus Prime Version 18.0.0 Build 614 04/24/2018 SJ Standard Edition


---------------------
; Table of Contents ;
---------------------
  1. Legal Notice
  2. MIF/HEX Update Summary
  3. MIF/HEX Update Processed Files
  4. MIF/HEX Update Messages



----------------
; Legal Notice ;
----------------
Copyright (C) 2018  Intel Corporation. All rights reserved.
Your use of Intel Corporation's design tools, logic functions 
and other software and tools, and its AMPP partner logic 
functions, and any output files from any of the foregoing 
(including device programming or simulation files), and any 
associated documentation or information are expressly subject 
to the terms and conditions of the Intel Program License 
Subscription Agreement, the Intel Quartus Prime License Agreement,
the Intel FPGA IP License Agreement, or other applicable license
agreement, including, without limitation, that your use is for
the sole purpose of programming logic devices manufactured by
Intel and sold by Intel or its authorized distributors.  Please
refer to the applicable agreement for further details.



+---------------------------------------------------------------+
; MIF/HEX Update Summary                                        ;
+-----------------------+---------------------------------------+
; MIF/HEX Update Status ; Successful - Mon Feb 04 16:06:53 2019 ;
; Revision Name         ; part3                                 ;
; Top-level Entity Name ; part3                                 ;
; Family                ; Cyclone V                             ;
; Device                ; 5CSEMA5F31C6                          ;
+-----------------------+---------------------------------------+


+----------------------------------------------------------------------------+
; MIF/HEX Update Processed Files                                             ;
+----------------------------------------------------------------------------+
; File Name                                                                  ;
+----------------------------------------------------------------------------+
; W:/Verilog/ECE243/Lab2/Design_Files-2/Processor_16bit_DE1-SoC/inst_mem.mif ;
+----------------------------------------------------------------------------+


+-------------------------+
; MIF/HEX Update Messages ;
+-------------------------+
Info: *******************************************************************
Info: Running Quartus Prime MIF/HEX Update
    Info: Version 18.0.0 Build 614 04/24/2018 SJ Standard Edition
    Info: Processing started: Mon Feb 04 16:06:47 2019
Info: Command: quartus_cdb part3 -c part3 --update_mif
Warning (18236): Number of processors has not been specified which may cause overloading on shared machines.  Set the global assignment NUM_PARALLEL_PROCESSORS in your QSF to an appropriate value for best performance.
Warning (113028): 239 out of 512 addresses are uninitialized. The Quartus Prime software will initialize them to "0". There are 1 warnings found, and 1 warnings are reported. File: W:/Verilog/ECE243/Lab2/Design_Files-2/Processor_16bit_DE1-SoC/inst_mem.mif Line: 1
    Warning (113027): Addresses ranging from 273 to 511 are not initialized File: W:/Verilog/ECE243/Lab2/Design_Files-2/Processor_16bit_DE1-SoC/inst_mem.mif Line: 1
Info (39024): Processed the following Memory Initialization File(s)
    Info (39025): Processed Memory Initialization File W:/Verilog/ECE243/Lab2/Design_Files-2/Processor_16bit_DE1-SoC/inst_mem.mif File: W:/Verilog/ECE243/Lab2/Design_Files-2/Processor_16bit_DE1-SoC/inst_mem.mif Line: 0
Info: Quartus Prime MIF/HEX Update was successful. 0 errors, 3 warnings
    Info: Peak virtual memory: 816 megabytes
    Info: Processing ended: Mon Feb 04 16:06:53 2019
    Info: Elapsed time: 00:00:06
    Info: Total CPU time (on all processors): 00:00:04


